********************************************************************************
DUPLICATOR-LITE PACKAGE-LOG: July 26, 2018 11:56 pm
NOTICE: Do NOT post to public sites or forums 
********************************************************************************
VERSION:	1.2.40
WORDPRESS:	4.9.7
PHP INFO:	7.2.1 | SAPI: apache2handler
SERVER:		Apache/2.2.34 (Unix) mod_wsgi/3.5 Python/2.7.13 PHP/7.2.1 mod_ssl/2.2.34 OpenSSL/1.0.2j DAV/2 mod_fastcgi/2.4.6 mod_perl/2.0.9 Perl/v5.24.0 
PHP TIME LIMIT: (0) no time limit imposed 
PHP MAX MEMORY: 2048M (256M default) 
MEMORY STACK: 14MB 

********************************************************************************
DATABASE:
********************************************************************************
BUILD MODE:   PHP(query limit - 100)
MYSQLTIMEOUT: 5000
MYSQLDUMP:    Not Supported 
TABLES: total:13 | filtered:0 | create:13 
FILTERED: [] 
SQL CREATED: 20180726_kleaner_8a5898e78d09a2a93453180726235552_database.sql 
SQL FILE SIZE: 843.65KB (863893) 
SQL FILE TIME: 2018-07-26 23:56:19 
SQL RUNTIME: 0.33 sec. 

******************************************************************************** 
ARCHIVE (ZIP): 
******************************************************************************** 
ARCHIVE DIR:  /Users/GORY/Desktop/desafiolatam/semanaonline13/experiencia1/wordpress 
ARCHIVE FILE: 20180726_kleaner_8a5898e78d09a2a93453180726235552_archive.zip 
FILTERS: *OFF* 
DIRS:
	not set 
FILES:
	not set 
EXTS:  not set 
---------------------------------------- 
COMPRESSING 
SIZE:	39.99MB 
STATS:	Dirs 293 | Files 2,309 
SQL ADDED: 20180726_kleaner_8a5898e78d09a2a93453180726235552_database.sql 
ZipArchive Object
(
    [status] => 0
    [statusSys] => 0
    [numFiles] => 2602
    [filename] => /Users/GORY/Desktop/desafiolatam/semanaonline13/experiencia1/wordpress/wp-snapshots/tmp/20180726_kleaner_8a5898e78d09a2a93453180726235552_archive.zip
    [comment] => 
)
 
COMPRESSION RESULT: '1' 
COMPRESSED SIZE: 15.76MB 
ARCHIVE RUNTIME: 19.48 sec. 
MEMORY STACK: 14MB 

******************************************************************************** 
MAKE INSTALLER: 
******************************************************************************** 
Build Start 
Build Finished 
Preping for use 
PACK SIZE:  
Template parsed with new data 
Complete [/Users/GORY/Desktop/desafiolatam/semanaonline13/experiencia1/wordpress/wp-snapshots/tmp/20180726_kleaner_8a5898e78d09a2a93453180726235552_installer.php] 
Added to archive 

******************************************************************************** 
INTEGRITY CHECKS: 
******************************************************************************** 
SQL File: 843.65KB 
Installer File: 445.9KB 
Archive File: 15.76MB  

********************************************************************************
RECORD ID:[1]
TOTAL PROCESS RUNTIME: 21.42 sec.
PEAK PHP MEMORY USED: 16MB
DONE PROCESSING => 20180726_kleaner July 26, 2018 11:56 pm
 
